<?xml version="1.0" encoding="UTF-8"?>
<!-- Generated by org.testng.reporters.JUnitReportReporter -->
<testsuite hostname="LAPTOP-2PNQGLMD" failures="0" tests="1" name="testCases.TC001_AccountRegistrationTest" time="2.551" errors="0" timestamp="2025-02-07T11:09:16 IST" skipped="0">
  <testcase classname="testCases.TC001_AccountRegistrationTest" name="verify_account_registration" time="2.551"/>
</testsuite> <!-- testCases.TC001_AccountRegistrationTest -->
