<?xml version="1.0" encoding="UTF-8"?>
<!-- Generated by org.testng.reporters.JUnitReportReporter -->
<testsuite hostname="LAPTOP-2PNQGLMD" failures="0" tests="1" name="testCases.TC002_LoginTest" time="1.030" errors="0" timestamp="2025-02-07T11:17:41 IST" skipped="0">
  <testcase classname="testCases.TC002_LoginTest" name="verify_login" time="1.030"/>
</testsuite> <!-- testCases.TC002_LoginTest -->
